TN:
SF:controllers/databaseManager.js
FN:4,DatabaseManager
FN:9,connect
FN:19,getClient
FNF:3
FNH:1
FNDA:1,DatabaseManager
FNDA:0,connect
FNDA:0,getClient
DA:1,1
DA:2,1
DA:3,1
DA:4,1
DA:5,1
DA:6,1
DA:7,1
DA:8,1
DA:9,1
DA:10,0
DA:11,0
DA:12,0
DA:13,0
DA:14,0
DA:15,0
DA:16,0
DA:17,0
DA:18,1
DA:19,1
DA:20,0
DA:21,0
DA:22,1
DA:23,1
DA:24,1
DA:25,1
DA:26,1
DA:27,1
DA:28,1
LF:28
LH:18
BRDA:4,0,0,1
BRF:1
BRH:1
end_of_record
TN:
SF:controllers/userProfile.js
FN:3,userProfileController
FNF:1
FNH:1
FNDA:1,userProfileController
DA:1,1
DA:2,1
DA:3,1
DA:4,1
DA:5,1
DA:6,1
DA:7,0
DA:8,0
DA:9,0
DA:10,0
DA:11,0
DA:12,0
DA:13,0
DA:14,0
DA:15,0
DA:16,0
DA:17,0
DA:18,0
DA:19,0
DA:20,0
DA:21,0
DA:22,0
DA:23,0
DA:24,0
DA:25,1
DA:26,1
DA:27,1
DA:28,1
DA:29,1
DA:30,1
DA:31,1
DA:32,1
LF:32
LH:14
BRDA:3,0,0,1
BRDA:6,1,0,0
BRF:2
BRH:1
end_of_record
